<?xml version="1.0" encoding="UTF-8"?>
<!-- Generated by org.testng.reporters.JUnitReportReporter -->
<testsuite hostname="DESKTOP-G0O5FM0" failures="0" tests="1" name="com.ericsson.estee.ui.runner.TestNGTestRunner" time="119.897" errors="0" timestamp="2023-06-14T21:29:10 IST" skipped="0">
  <testcase classname="com.ericsson.estee.ui.runner.TestNGTestRunner" name="runScenario" time="119.897"/>
  <system-out/>
</testsuite> <!-- com.ericsson.estee.ui.runner.TestNGTestRunner -->
