<?xml version="1.0" encoding="UTF-8"?>
<!-- Generated by org.testng.reporters.JUnitReportReporter -->
<testsuite hostname="DESKTOP-G0O5FM0" failures="0" tests="1" name="com.ericsson.estee.ui.runner.TestNGTestRunner" time="68.679" errors="0" timestamp="2023-06-08T21:25:33 IST" skipped="0">
  <testcase classname="com.ericsson.estee.ui.runner.TestNGTestRunner" name="runScenario" time="68.679"/>
  <system-out/>
</testsuite> <!-- com.ericsson.estee.ui.runner.TestNGTestRunner -->
